<?xml version="1.0" encoding="UTF-8"?>
<testsuite xmlns:xsi="http://www.w3.org/2001/XMLSchema-instance" xsi:noNamespaceSchemaLocation="https://maven.apache.org/surefire/maven-surefire-plugin/xsd/surefire-test-report-3.0.xsd" version="3.0" name="com.devops.board.integration.AuthFlowIntegrationTest" time="10.449" tests="2" errors="0" skipped="0" failures="0">
  <properties>
[...]
</properties>
  <testcase name="duplicateLoginReturnsConflict" classname="com.devops.board.integration.AuthFlowIntegrationTest" time="0.92">
    <system-out><![CDATA[18:44:00.890 [main] INFO org.springframework.test.context.support.AnnotationConfigContextLoaderUtils -- Could not detect default configuration classes for test class [com.devops.board.integration.AuthFlowIntegrationTest]: AuthFlowIntegrationTest does not declare any static, non-private, non-final, nested classes annotated with @Configuration.
18:44:01.003 [main] INFO org.springframework.boot.test.context.SpringBootTestContextBootstrapper -- Found @SpringBootConfiguration com.devops.board.BoardApplication for test class com.devops.board.integration.AuthFlowIntegrationTest
18:44:01.132 [main] INFO org.testcontainers.images.PullPolicy -- Image pull policy will be performed by: DefaultPullPolicy()
18:44:01.137 [main] INFO org.testcontainers.utility.ImageNameSubstitutor -- Image name substitution will be performed by: DefaultImageNameSubstitutor (composite of 'ConfigurationFileImageNameSubstitutor' and 'PrefixingImageNameSubstitutor')
18:44:01.188 [main] INFO org.testcontainers.DockerClientFactory -- Testcontainers version: 1.20.4
18:44:01.406 [main] INFO org.testcontainers.dockerclient.DockerClientProviderStrategy -- Loaded org.testcontainers.dockerclient.NpipeSocketClientProviderStrategy from ~/.testcontainers.properties, will try it first
18:44:01.651 [main] INFO org.testcontainers.dockerclient.DockerClientProviderStrategy -- Found Docker environment with local Npipe socket (npipe:////./pipe/docker_engine)
18:44:01.651 [main] INFO org.testcontainers.DockerClientFactory -- Docker host IP address is localhost
18:44:01.684 [main] INFO org.testcontainers.DockerClientFactory -- Connected to docker: 
  Server Version: 28.5.1
  API Version: 1.51
  Operating System: Docker Desktop
  Total Memory: 15698 MB
  Labels: 
    com.docker.desktop.address=npipe://\\.\pipe\docker_cli
18:44:01.811 [main] INFO tc.testcontainers/ryuk:0.11.0 -- Creating container for image: testcontainers/ryuk:0.11.0
18:44:02.070 [main] INFO tc.testcontainers/ryuk:0.11.0 -- Container testcontainers/ryuk:0.11.0 is starting: eebc67a23a833118d3c8e781e98c040b24bdde20bc0dd205796fa37ac218f549
18:44:02.540 [main] INFO tc.testcontainers/ryuk:0.11.0 -- Container testcontainers/ryuk:0.11.0 started in PT0.7295616S
18:44:02.548 [main] INFO org.testcontainers.utility.RyukResourceReaper -- Ryuk started - will monitor and terminate Testcontainers containers on JVM exit
18:44:02.548 [main] INFO org.testcontainers.DockerClientFactory -- Checking the system...
18:44:02.549 [main] INFO org.testcontainers.DockerClientFactory -- ✔︎ Docker server version should be at least 1.6.0
18:44:02.549 [main] INFO tc.postgres:16-alpine -- Creating container for image: postgres:16-alpine
18:44:02.637 [main] INFO tc.postgres:16-alpine -- Container postgres:16-alpine is starting: 73facb8268c0558d7bfc90826c91db4f9a7d99437bc311ebcbd0613e45dec8ef
18:44:04.836 [main] INFO tc.postgres:16-alpine -- Container postgres:16-alpine started in PT2.2866111S
18:44:04.837 [main] INFO tc.postgres:16-alpine -- Container is started (JDBC URL: jdbc:postgresql://localhost:58603/dev_ops_test?loggerLevel=OFF)

  .   ____          _            __ _ _
 /\\ / ___'_ __ _ _(_)_ __  __ _ \ \ \ \
( ( )\___ | '_ | '_| | '_ \/ _` | \ \ \ \
 \\/  ___)| |_)| | | | | || (_| |  ) ) ) )
  '  |____| .__|_| |_|_| |_\__, | / / / /
 =========|_|==============|___/=/_/_/_/

 :: Spring Boot ::                (v3.3.5)

2026-02-26T18:44:05.129+03:00  INFO 34548 --- [           main] c.d.b.i.AuthFlowIntegrationTest          : Starting AuthFlowIntegrationTest using Java 21.0.8 with PID 34548 (started by timur in C:\Users\timur\IdeaProjects\dev_ops\server)
2026-02-26T18:44:05.129+03:00  INFO 34548 --- [           main] c.d.b.i.AuthFlowIntegrationTest          : No active profile set, falling back to 1 default profile: "default"
2026-02-26T18:44:05.769+03:00  INFO 34548 --- [           main] .s.d.r.c.RepositoryConfigurationDelegate : Bootstrapping Spring Data JPA repositories in DEFAULT mode.
2026-02-26T18:44:05.850+03:00  INFO 34548 --- [           main] .s.d.r.c.RepositoryConfigurationDelegate : Finished Spring Data repository scanning in 64 ms. Found 3 JPA repository interfaces.
2026-02-26T18:44:06.630+03:00  INFO 34548 --- [           main] com.zaxxer.hikari.HikariDataSource       : HikariPool-1 - Starting...
2026-02-26T18:44:06.800+03:00  INFO 34548 --- [           main] com.zaxxer.hikari.pool.HikariPool        : HikariPool-1 - Added connection org.postgresql.jdbc.PgConnection@2a54c92e
2026-02-26T18:44:06.802+03:00  INFO 34548 --- [           main] com.zaxxer.hikari.HikariDataSource       : HikariPool-1 - Start completed.
2026-02-26T18:44:06.848+03:00  INFO 34548 --- [           main] org.flywaydb.core.FlywayExecutor         : Database: jdbc:postgresql://localhost:58603/dev_ops_test (PostgreSQL 16.12)
2026-02-26T18:44:06.902+03:00  INFO 34548 --- [           main] o.f.c.i.s.JdbcTableSchemaHistory         : Schema history table "public"."flyway_schema_history" does not exist yet
2026-02-26T18:44:06.907+03:00  INFO 34548 --- [           main] o.f.core.internal.command.DbValidate     : Successfully validated 3 migrations (execution time 00:00.025s)
2026-02-26T18:44:06.935+03:00  INFO 34548 --- [           main] o.f.c.i.s.JdbcTableSchemaHistory         : Creating Schema History table "public"."flyway_schema_history" ...
2026-02-26T18:44:07.010+03:00  INFO 34548 --- [           main] o.f.core.internal.command.DbMigrate      : Current version of schema "public": << Empty Schema >>
2026-02-26T18:44:07.019+03:00  INFO 34548 --- [           main] o.f.core.internal.command.DbMigrate      : Migrating schema "public" to version "1 - create users"
2026-02-26T18:44:07.056+03:00  INFO 34548 --- [           main] o.f.core.internal.command.DbMigrate      : Migrating schema "public" to version "2 - create board state"
2026-02-26T18:44:07.082+03:00  INFO 34548 --- [           main] o.f.core.internal.command.DbMigrate      : Migrating schema "public" to version "3 - create board items"
2026-02-26T18:44:07.112+03:00  INFO 34548 --- [           main] o.f.core.internal.command.DbMigrate      : Successfully applied 3 migrations to schema "public", now at version v3 (execution time 00:00.040s)
2026-02-26T18:44:07.248+03:00  INFO 34548 --- [           main] o.hibernate.jpa.internal.util.LogHelper  : HHH000204: Processing PersistenceUnitInfo [name: default]
2026-02-26T18:44:07.367+03:00  INFO 34548 --- [           main] org.hibernate.Version                    : HHH000412: Hibernate ORM core version 6.5.3.Final
2026-02-26T18:44:07.418+03:00  INFO 34548 --- [           main] o.h.c.internal.RegionFactoryInitiator    : HHH000026: Second-level cache disabled
2026-02-26T18:44:07.739+03:00  INFO 34548 --- [           main] o.s.o.j.p.SpringPersistenceUnitInfo      : No LoadTimeWeaver setup: ignoring JPA class transformer
2026-02-26T18:44:08.604+03:00  INFO 34548 --- [           main] o.h.e.t.j.p.i.JtaPlatformInitiator       : HHH000489: No JTA platform available (set 'hibernate.transaction.jta.platform' to enable JTA platform integration)
2026-02-26T18:44:08.651+03:00  INFO 34548 --- [           main] j.LocalContainerEntityManagerFactoryBean : Initialized JPA EntityManagerFactory for persistence unit 'default'
2026-02-26T18:44:09.178+03:00  WARN 34548 --- [           main] .s.s.UserDetailsServiceAutoConfiguration : 

Using generated security password: 0266851f-4281-4a9c-8070-361cbd8c880c

This generated password is for development use only. Your security configuration must be updated before running your application in production.

2026-02-26T18:44:09.186+03:00  INFO 34548 --- [           main] r$InitializeUserDetailsManagerConfigurer : Global AuthenticationManager configured with UserDetailsService bean with name inMemoryUserDetailsManager
2026-02-26T18:44:10.041+03:00  INFO 34548 --- [           main] o.s.b.t.m.w.SpringBootMockServletContext : Initializing Spring TestDispatcherServlet ''
2026-02-26T18:44:10.042+03:00  INFO 34548 --- [           main] o.s.t.web.servlet.TestDispatcherServlet  : Initializing Servlet ''
2026-02-26T18:44:10.043+03:00  INFO 34548 --- [           main] o.s.t.web.servlet.TestDispatcherServlet  : Completed initialization in 1 ms
2026-02-26T18:44:10.065+03:00  INFO 34548 --- [           main] c.d.b.i.AuthFlowIntegrationTest          : Started AuthFlowIntegrationTest in 5.201 seconds (process running for 9.981)
]]></system-out>
    <system-err><![CDATA[WARNING: A Java agent has been loaded dynamically (C:\Users\timur\.m2\repository\net\bytebuddy\byte-buddy-agent\1.14.19\byte-buddy-agent-1.14.19.jar)
WARNING: If a serviceability tool is in use, please run with -XX:+EnableDynamicAgentLoading to hide this warning
WARNING: If a serviceability tool is not in use, please run with -Djdk.instrument.traceUsage for more information
WARNING: Dynamic loading of agents will be disallowed by default in a future release
]]></system-err>
  </testcase>
  <testcase name="registerAndMeFlow" classname="com.devops.board.integration.AuthFlowIntegrationTest" time="0.162"/>
</testsuite>